proguard/seeds.txt
com.niyang.mobilesafe.AToolActivity
com.niyang.mobilesafe.AToolActivity: AToolActivity()
com.niyang.mobilesafe.AntivirusAcitivity
com.niyang.mobilesafe.AntivirusAcitivity: AntivirusAcitivity()
com.niyang.mobilesafe.AppLockActivity
com.niyang.mobilesafe.AppLockActivity: AppLockActivity()
com.niyang.mobilesafe.AppManagerActivity
com.niyang.mobilesafe.AppManagerActivity: AppManagerActivity()
com.niyang.mobilesafe.AppManagerActivity: void onClick(android.view.View)
com.niyang.mobilesafe.BlackNumberActivity
com.niyang.mobilesafe.BlackNumberActivity: BlackNumberActivity()
com.niyang.mobilesafe.CacheClearActivity
com.niyang.mobilesafe.CacheClearActivity: CacheClearActivity()
com.niyang.mobilesafe.CommonNumberActivity
com.niyang.mobilesafe.CommonNumberActivity: CommonNumberActivity()
com.niyang.mobilesafe.ContactListActivity
com.niyang.mobilesafe.ContactListActivity: ContactListActivity()
com.niyang.mobilesafe.HomeActivity
com.niyang.mobilesafe.HomeActivity: HomeActivity()
com.niyang.mobilesafe.ProcessManagerActivity
com.niyang.mobilesafe.ProcessManagerActivity: ProcessManagerActivity()
com.niyang.mobilesafe.ProcessManagerActivity: void onClick(android.view.View)
com.niyang.mobilesafe.ProcessSettingActivity
com.niyang.mobilesafe.ProcessSettingActivity: ProcessSettingActivity()
com.niyang.mobilesafe.QueryAddressActivity
com.niyang.mobilesafe.QueryAddressActivity: QueryAddressActivity()
com.niyang.mobilesafe.R$anim: int cycle_7
com.niyang.mobilesafe.R$anim: int next_in_anim
com.niyang.mobilesafe.R$anim: int next_out_anim
com.niyang.mobilesafe.R$anim: int pre_in_anim
com.niyang.mobilesafe.R$anim: int pre_out_anim
com.niyang.mobilesafe.R$anim: int shake
com.niyang.mobilesafe.R$attr: int desoff
com.niyang.mobilesafe.R$attr: int deson
com.niyang.mobilesafe.R$attr: int destitle
com.niyang.mobilesafe.R$color: int pink
com.niyang.mobilesafe.R$color: int transparent
com.niyang.mobilesafe.R$dimen: int activity_horizontal_margin
com.niyang.mobilesafe.R$dimen: int activity_vertical_margin
com.niyang.mobilesafe.R$drawable: int act_scanning_03
com.niyang.mobilesafe.R$drawable: int app
com.niyang.mobilesafe.R$drawable: int app_pressed
com.niyang.mobilesafe.R$drawable: int atools
com.niyang.mobilesafe.R$drawable: int btn_green_normal
com.niyang.mobilesafe.R$drawable: int btn_green_pressed
com.niyang.mobilesafe.R$drawable: int call_locate_blue
com.niyang.mobilesafe.R$drawable: int call_locate_gray
com.niyang.mobilesafe.R$drawable: int call_locate_green
com.niyang.mobilesafe.R$drawable: int call_locate_orange
com.niyang.mobilesafe.R$drawable: int call_locate_white
com.niyang.mobilesafe.R$drawable: int callmsgsafe
com.niyang.mobilesafe.R$drawable: int drag
com.niyang.mobilesafe.R$drawable: int function_greenbutton_normal
com.niyang.mobilesafe.R$drawable: int function_greenbutton_pressed
com.niyang.mobilesafe.R$drawable: int ic_delete_btn
com.niyang.mobilesafe.R$drawable: int ic_delete_btn_focused
com.niyang.mobilesafe.R$drawable: int ic_launcher
com.niyang.mobilesafe.R$drawable: int ic_scanner_malware
com.niyang.mobilesafe.R$drawable: int img1
com.niyang.mobilesafe.R$drawable: int img2
com.niyang.mobilesafe.R$drawable: int img3
com.niyang.mobilesafe.R$drawable: int jiantou1
com.niyang.mobilesafe.R$drawable: int jiantou1_pressed
com.niyang.mobilesafe.R$drawable: int listview_divider
com.niyang.mobilesafe.R$drawable: int local_popup_bg
com.niyang.mobilesafe.R$drawable: int lock
com.niyang.mobilesafe.R$drawable: int luncher_bg
...
com.lidroid.xutils.bitmap.callback.BitmapLoadFrom: com.lidroid.xutils.bitmap.callback.BitmapLoadFrom[] values()
com.lidroid.xutils.bitmap.callback.BitmapLoadFrom: com.lidroid.xutils.bitmap.callback.BitmapLoadFrom valueOf(java.lang.String)
com.lidroid.xutils.db.sqlite.ColumnDbType: com.lidroid.xutils.db.sqlite.ColumnDbType[] values()
com.lidroid.xutils.db.sqlite.ColumnDbType: com.lidroid.xutils.db.sqlite.ColumnDbType valueOf(java.lang.String)
com.lidroid.xutils.http.HttpHandler$State: com.lidroid.xutils.http.HttpHandler$State[] values()
com.lidroid.xutils.http.HttpHandler$State: com.lidroid.xutils.http.HttpHandler$State valueOf(java.lang.String)
com.lidroid.xutils.http.client.HttpRequest$HttpMethod: com.lidroid.xutils.http.client.HttpRequest$HttpMethod[] values()
com.lidroid.xutils.http.client.HttpRequest$HttpMethod: com.lidroid.xutils.http.client.HttpRequest$HttpMethod valueOf(java.lang.String)
com.lidroid.xutils.http.client.multipart.HttpMultipartMode: com.lidroid.xutils.http.client.multipart.HttpMultipartMode[] values()
com.lidroid.xutils.http.client.multipart.HttpMultipartMode: com.lidroid.xutils.http.client.multipart.HttpMultipartMode valueOf(java.lang.String)
com.lidroid.xutils.task.Priority: com.lidroid.xutils.task.Priority[] values()
com.lidroid.xutils.task.Priority: com.lidroid.xutils.task.Priority valueOf(java.lang.String)
com.lidroid.xutils.view.ResType: com.lidroid.xutils.view.ResType[] values()
com.lidroid.xutils.view.ResType: com.lidroid.xutils.view.ResType valueOf(java.lang.String)