proguard/mapping.txt
com.niyang.mobilesafe.AToolActivity -> com.niyang.mobilesafe.AToolActivity:
    void onCreate(android.os.Bundle) -> onCreate
    void initCommonNumberQuery() -> b
    void initBackup() -> c
    void showSmsBackUpDialog() -> a
    void initAddress() -> d
com.niyang.mobilesafe.AToolActivity$1 -> com.niyang.mobilesafe.a:
    com.niyang.mobilesafe.AToolActivity this$0 -> a
    void onClick(android.view.View) -> onClick
com.niyang.mobilesafe.AToolActivity$2 -> com.niyang.mobilesafe.b:
    com.niyang.mobilesafe.AToolActivity this$0 -> a
    void onClick(android.view.View) -> onClick
com.niyang.mobilesafe.AToolActivity$3 -> com.niyang.mobilesafe.c:
    com.niyang.mobilesafe.AToolActivity this$0 -> a
    android.app.ProgressDialog val$dialog -> b
    void run() -> run
com.niyang.mobilesafe.AToolActivity$3$1 -> com.niyang.mobilesafe.d:
    com.niyang.mobilesafe.AToolActivity$3 this$1 -> a
    android.app.ProgressDialog val$dialog -> b
    void setProgress(int) -> a
    void setMax(int) -> b
com.niyang.mobilesafe.AToolActivity$4 -> com.niyang.mobilesafe.e:
    com.niyang.mobilesafe.AToolActivity this$0 -> a
    void onClick(android.view.View) -> onClick
com.niyang.mobilesafe.AntivirusAcitivity -> com.niyang.mobilesafe.AntivirusAcitivity:
    android.widget.ImageView iv_scanning -> a
    android.widget.TextView tv_name -> b
    android.widget.ProgressBar pb_bar -> c
    android.widget.LinearLayout ll_add_text -> d
    int index -> e
    java.util.List mVirusInfoList -> f
    void onCreate(android.os.Bundle) -> onCreate
    void checkVirus() -> a
    void initAnimation() -> b
    void initUI() -> c
    void access$0(com.niyang.mobilesafe.AntivirusAcitivity,java.util.List) -> a
    android.widget.ProgressBar access$1(com.niyang.mobilesafe.AntivirusAcitivity) -> a
    java.util.List access$2(com.niyang.mobilesafe.AntivirusAcitivity) -> b
    int access$3(com.niyang.mobilesafe.AntivirusAcitivity) -> c
    void access$4(com.niyang.mobilesafe.AntivirusAcitivity,int) -> a
    android.widget.TextView access$5(com.niyang.mobilesafe.AntivirusAcitivity) -> d
    android.widget.LinearLayout access$6(com.niyang.mobilesafe.AntivirusAcitivity) -> e
    android.widget.ImageView access$7(com.niyang.mobilesafe.AntivirusAcitivity) -> f
com.niyang.mobilesafe.AntivirusAcitivity$1 -> com.niyang.mobilesafe.f:
    com.niyang.mobilesafe.AntivirusAcitivity this$0 -> a
    void run() -> run
    com.niyang.mobilesafe.AntivirusAcitivity access$0(com.niyang.mobilesafe.AntivirusAcitivity$1) -> a
com.niyang.mobilesafe.AntivirusAcitivity$1$1 -> com.niyang.mobilesafe.g:
    com.niyang.mobilesafe.AntivirusAcitivity$1 this$1 -> a
    int val$size -> b
    com.niyang.mobilesafe.AntivirusAcitivity$ScanInfo val$info -> c
    void run() -> run
    void unInstallVirus() -> a
com.niyang.mobilesafe.AntivirusAcitivity$ScanInfo -> com.niyang.mobilesafe.h:
    boolean isVirus -> a
    java.lang.String packageName -> b
    java.lang.String name -> c
    com.niyang.mobilesafe.AntivirusAcitivity this$0 -> d
...
com.lidroid.xutils.exception.BaseException -> com.a.a.b.a:
com.lidroid.xutils.exception.HttpException -> com.a.a.b.b:
    int exceptionCode -> a
com.lidroid.xutils.http.HttpCache -> com.a.a.c.a:
    com.lidroid.xutils.cache.LruMemoryCache mMemoryCache -> a
    int cacheSize -> b
    long defaultExpiryTime -> c
    java.util.concurrent.ConcurrentHashMap httpMethod_enabled_map -> d
    long getDefaultExpiryTime() -> a
    void put(java.lang.String,java.lang.String,long) -> a
    java.lang.String get(java.lang.String) -> a
    boolean isEnabled(java.lang.String) -> b
com.lidroid.xutils.http.HttpCache$1 -> com.a.a.c.b:
    com.lidroid.xutils.http.HttpCache this$0 -> a
    int sizeOf(java.lang.String,java.lang.String) -> a
    int sizeOf(java.lang.Object,java.lang.Object) -> a
com.lidroid.xutils.http.HttpHandler -> com.a.a.c.c:
    org.apache.http.impl.client.AbstractHttpClient client -> b
    org.apache.http.protocol.HttpContext context -> c
    com.lidroid.xutils.http.callback.HttpRedirectHandler httpRedirectHandler -> d
    java.lang.String requestUrl -> e
    java.lang.String requestMethod -> f
    org.apache.http.client.methods.HttpRequestBase request -> g
    boolean isUploading -> h
    com.lidroid.xutils.http.callback.RequestCallBack callback -> i
    int retriedCount -> j
    java.lang.String fileSavePath -> k
    boolean isDownloadingFile -> l
    boolean autoResume -> m
    boolean autoRename -> n
    java.lang.String charset -> o
    com.lidroid.xutils.http.HttpHandler$State state -> p
    long expiry -> q
    long lastUpdateTime -> r
    com.lidroid.xutils.http.HttpHandler$NotUseApacheRedirectHandler notUseApacheRedirectHandler -> s
    void setHttpRedirectHandler(com.lidroid.xutils.http.callback.HttpRedirectHandler) -> a
    void setExpiry(long) -> a
    com.lidroid.xutils.http.ResponseInfo sendRequest(org.apache.http.client.methods.HttpRequestBase) -> a
    java.lang.Void doInBackground(java.lang.Object[]) -> a
    void onProgressUpdate(java.lang.Object[]) -> b
    com.lidroid.xutils.http.ResponseInfo handleResponse(org.apache.http.HttpResponse) -> a
    boolean updateProgress(long,long,boolean) -> a
    java.lang.Object doInBackground(java.lang.Object[]) -> c
com.lidroid.xutils.http.HttpHandler$NotUseApacheRedirectHandler -> com.a.a.c.d:
com.lidroid.xutils.http.HttpHandler$State -> com.a.a.c.e:
    com.lidroid.xutils.http.HttpHandler$State WAITING -> a
    com.lidroid.xutils.http.HttpHandler$State STARTED -> b
    com.lidroid.xutils.http.HttpHandler$State LOADING -> c
    com.lidroid.xutils.http.HttpHandler$State FAILURE -> d
    com.lidroid.xutils.http.HttpHandler$State CANCELLED -> e
    com.lidroid.xutils.http.HttpHandler$State SUCCESS -> f
    int value -> g
    com.lidroid.xutils.http.HttpHandler$State[] ENUM$VALUES -> h
    com.lidroid.xutils.http.HttpHandler$State[] values() -> values
    com.lidroid.xutils.http.HttpHandler$State valueOf(java.lang.String) -> valueOf
com.lidroid.xutils.http.RequestParams -> com.a.a.c.f:
    java.lang.String charset -> a
    java.util.List headers -> b
    java.util.List queryStringParams -> c
    org.apache.http.HttpEntity bodyEntity -> d
    java.util.List bodyParams -> e
    java.util.HashMap fileParams -> f
    com.lidroid.xutils.task.Priority priority -> g
    com.lidroid.xutils.task.Priority getPriority() -> a
    java.lang.String getCharset() -> b
    org.apache.http.HttpEntity getEntity() -> c
    java.util.List getQueryStringParams() -> d
    java.util.List getHeaders() -> e
com.lidroid.xutils.http.RequestParams$HeaderItem -> com.a.a.c.g:
    boolean overwrite -> a
    org.apache.http.Header header -> b