proguard/usage.txt
com.niyang.mobilesafe.BuildConfig
com.niyang.mobilesafe.CacheClearActivity:
    protected static final int UPDATE_CACHE_APP
com.niyang.mobilesafe.ConstantValue
com.niyang.mobilesafe.R
com.niyang.mobilesafe.R$anim
com.niyang.mobilesafe.R$attr
com.niyang.mobilesafe.R$color
com.niyang.mobilesafe.R$dimen
com.niyang.mobilesafe.R$drawable
com.niyang.mobilesafe.R$id
com.niyang.mobilesafe.R$layout
com.niyang.mobilesafe.R$menu
com.niyang.mobilesafe.R$raw
com.niyang.mobilesafe.R$string
com.niyang.mobilesafe.R$style
com.niyang.mobilesafe.R$styleable
com.niyang.mobilesafe.R$xml
com.niyang.mobilesafe.SplashActivity:
    protected static final int VERSION_UPDATE
    protected static final int URL_ERROR
    protected static final int IO_ERROR
    protected static final int JSONE_ERROR
    protected static final int ENTER_HOME
com.niyang.mobilesafe.db.dao.BlackNumberDao:
    77:84:public void update(java.lang.String,java.lang.String)
    90:102:public java.util.List findAll()
com.niyang.mobilesafe.db.domain.AppInfo:
    16:17:public void setName(java.lang.String)
    22:23:public void setPackageName(java.lang.String)
    28:29:public void setIcon(android.graphics.drawable.Drawable)
    31:31:public boolean isSdCard()
    34:35:public void setSdCard(boolean)
    37:37:public boolean isSystem()
    40:41:public void setSystem(boolean)
com.niyang.mobilesafe.db.domain.BlackNumberInfo:
    7:7:public java.lang.String getPhone()
    10:11:public void setPhone(java.lang.String)
    13:13:public java.lang.String getMode()
    16:17:public void setMode(java.lang.String)
com.niyang.mobilesafe.db.domain.ProcessInfo:
    18:19:public void setName(java.lang.String)
    26:27:public void setMemSize(long)
    34:35:public void setIcon(android.graphics.drawable.Drawable)
    38:38:public boolean isCheck()
    42:43:public void setCheck(boolean)
    46:46:public boolean isSystem()
    50:51:public void setSystem(boolean)
    58:59:public void setPackageName(java.lang.String)
com.niyang.mobilesafe.engine.AddressDao:
    7:7:public AddressDao()
com.niyang.mobilesafe.engine.AppInfoProvider:
    13:13:public AppInfoProvider()
com.niyang.mobilesafe.engine.ProcessInfoProvider:
    23:23:public ProcessInfoProvider()
com.niyang.mobilesafe.engine.SmsBackUp:
    16:16:public SmsBackUp()
com.niyang.mobilesafe.engine.VirusDao:
    9:9:public VirusDao()
com.niyang.mobilesafe.test.Test
com.niyang.mobilesafe.util.Md5Util:
    8:8:public Md5Util()
com.niyang.mobilesafe.util.ServiceUtil:
    9:9:public ServiceUtil()
com.niyang.mobilesafe.util.SpUtil:
    6:6:public SpUtil()
com.niyang.mobilesafe.util.StreamUtil:
    7:7:public StreamUtil()
com.niyang.mobilesafe.util.ToastUtil:
    6:6:public ToastUtil()
com.niyang.mobilesafe.view.SettingClickView:
    private android.widget.CheckBox cb_box
com.niyang.mobilesafe.view.SettingItemView:
    private static final java.lang.String NAMESPACE
...
com.lidroid.xutils.http.HttpHandler:
    private static final int UPDATE_START
    private static final int UPDATE_LOADING
    private static final int UPDATE_FAILURE
    private static final int UPDATE_SUCCESS
    77:77:public com.lidroid.xutils.http.HttpHandler$State getState()
    87:88:public void setRequestCallBack(com.lidroid.xutils.http.callback.RequestCallBack)
    91:91:public com.lidroid.xutils.http.callback.RequestCallBack getRequestCallBack()
    274:292:public void cancel()
com.lidroid.xutils.http.HttpHandler$NotUseApacheRedirectHandler:
    349:349:public boolean isRedirectRequested(org.apache.http.HttpResponse,org.apache.http.protocol.HttpContext)
    354:354:public java.net.URI getLocationURI(org.apache.http.HttpResponse,org.apache.http.protocol.HttpContext)
com.lidroid.xutils.http.HttpHandler$State:
    321:335:public static com.lidroid.xutils.http.HttpHandler$State valueOf(int)
    340:340:public int value()
com.lidroid.xutils.http.RequestParams:
    57:58:public RequestParams()
    60:64:public RequestParams(java.lang.String)
    71:72:public void setPriority(com.lidroid.xutils.task.Priority)
    79:80:public void setContentType(java.lang.String)
    88:92:public void addHeader(org.apache.http.Header)
    101:105:public void addHeader(java.lang.String,java.lang.String)
    113:119:public void addHeaders(java.util.List)
    128:132:public void setHeader(org.apache.http.Header)
    142:146:public void setHeader(java.lang.String,java.lang.String)
    154:160:public void setHeaders(java.util.List)
    163:167:public void addQueryStringParameter(java.lang.String,java.lang.String)
    170:174:public void addQueryStringParameter(org.apache.http.NameValuePair)
    177:185:public void addQueryStringParameter(java.util.List)
    188:192:public void addBodyParameter(java.lang.String,java.lang.String)
    195:199:public void addBodyParameter(org.apache.http.NameValuePair)
    202:210:public void addBodyParameter(java.util.List)
    213:217:public void addBodyParameter(java.lang.String,java.io.File)
    220:224:public void addBodyParameter(java.lang.String,java.io.File,java.lang.String)
    227:231:public void addBodyParameter(java.lang.String,java.io.File,java.lang.String,java.lang.String)
    234:238:public void addBodyParameter(java.lang.String,java.io.File,java.lang.String,java.lang.String,java.lang.String)
com.lidroid.xutils.http.RequestParams$HeaderItem:
    final synthetic com.lidroid.xutils.http.RequestParams this$0
    322:325:public RequestParams$HeaderItem(com.lidroid.xutils.http.RequestParams,org.apache.http.Header)
    327:330:public RequestParams$HeaderItem(com.lidroid.xutils.http.RequestParams,org.apache.http.Header,boolean)
    332:335:public RequestParams$HeaderItem(com.lidroid.xutils.http.RequestParams,java.lang.String,java.lang.String)
    337:340:public RequestParams$HeaderItem(com.lidroid.xutils.http.RequestParams,java.lang.String,java.lang.String,boolean)
com.lidroid.xutils.http.ResponseInfo:
    31:32:public org.apache.http.Header[] getAllHeaders()
    36:37:public org.apache.http.Header[] getHeaders(java.lang.String)
    41:42:public org.apache.http.Header getFirstHeader(java.lang.String)
    46:47:public org.apache.http.Header getLastHeader(java.lang.String)
com.lidroid.xutils.http.ResponseStream
com.lidroid.xutils.http.SyncHttpHandler
com.lidroid.xutils.http.callback.RequestCallBack:
    private static final int DEFAULT_RATE
    private static final int MIN_RATE
    protected java.lang.Object userTag
    36:38:public RequestCallBack(int)
    40:43:public RequestCallBack(java.lang.Object)
    45:48:public RequestCallBack(int,java.lang.Object)
    60:61:public final void setRate(int)
    64:64:public java.lang.Object getUserTag()
    68:69:public void setUserTag(java.lang.Object)
    72:72:public final java.lang.String getRequestUrl()
    83:83:public void onCancelled()